mode: set
github.com/erichRoberts/bookings/internal/handlers/handlers.go:24.47,28.2 1 1
github.com/erichRoberts/bookings/internal/handlers/handlers.go:31.33,33.2 1 1
github.com/erichRoberts/bookings/internal/handlers/handlers.go:36.67,40.2 3 1
github.com/erichRoberts/bookings/internal/handlers/handlers.go:43.68,53.2 5 1
github.com/erichRoberts/bookings/internal/handlers/handlers.go:56.70,58.2 1 1
github.com/erichRoberts/bookings/internal/handlers/handlers.go:61.73,63.2 1 1
github.com/erichRoberts/bookings/internal/handlers/handlers.go:66.75,68.2 1 1
github.com/erichRoberts/bookings/internal/handlers/handlers.go:71.79,75.2 3 1
github.com/erichRoberts/bookings/internal/handlers/handlers.go:83.74,91.2 4 1
github.com/erichRoberts/bookings/internal/handlers/handlers.go:94.78,96.16 2 1
github.com/erichRoberts/bookings/internal/handlers/handlers.go:96.16,99.3 2 0
github.com/erichRoberts/bookings/internal/handlers/handlers.go:101.2,114.19 6 1
github.com/erichRoberts/bookings/internal/handlers/handlers.go:114.19,122.3 4 0
github.com/erichRoberts/bookings/internal/handlers/handlers.go:124.2,125.66 2 1
github.com/erichRoberts/bookings/internal/handlers/handlers.go:129.79,135.16 3 1
github.com/erichRoberts/bookings/internal/handlers/handlers.go:135.16,137.3 1 0
github.com/erichRoberts/bookings/internal/handlers/handlers.go:139.2,140.16 2 1
github.com/erichRoberts/bookings/internal/handlers/handlers.go:144.70,146.2 1 1
github.com/erichRoberts/bookings/internal/handlers/handlers.go:148.81,150.9 2 1
github.com/erichRoberts/bookings/internal/handlers/handlers.go:150.9,155.3 4 1
github.com/erichRoberts/bookings/internal/handlers/handlers.go:156.2,161.4 4 0
